#
# There is insufficient memory for the Java Runtime Environment to continue.
# Cannot create GC thread. Out of system resources.
# Possible reasons:
#   The system is out of physical RAM or swap space
#   In 32 bit mode, the process size limit was hit
# Possible solutions:
#   Reduce memory load on the system
#   Increase physical memory or swap space
#   Check if swap backing store is full
#   Use 64 bit Java on a 64 bit OS
#   Decrease Java heap size (-Xmx/-Xms)
#   Decrease number of Java threads
#   Decrease Java thread stack sizes (-Xss)
#   Set larger code cache with -XX:ReservedCodeCacheSize=
# This output file may be truncated or incomplete.
#
#  Out of Memory Error (gcTaskThread.cpp:48), pid=32172, tid=0x00007f5021b10e80
#
# JRE version:  (8.0_131-b11) (build )
# Java VM: Java HotSpot(TM) 64-Bit Server VM (25.131-b11 mixed mode linux-amd64 compressed oops)
# Failed to write core dump. Core dumps have been disabled. To enable core dumping, try "ulimit -c unlimited" before starting Java again
#

---------------  T H R E A D  ---------------

Current thread (0x0000000001899000):  JavaThread "Unknown thread" [_thread_in_vm, id=32172, stack(0x00007ffc1b46b000,0x00007ffc1b56b000)]

Stack: [0x00007ffc1b46b000,0x00007ffc1b56b000],  sp=0x00007ffc1b563880,  free space=994k
Native frames: (J=compiled Java code, j=interpreted, Vv=VM code, C=native code)
V  [libjvm.so+0xac826a]  VMError::report_and_die()+0x2ba
V  [libjvm.so+0x4fd4cb]  report_vm_out_of_memory(char const*, int, unsigned long, VMErrorType, char const*)+0x8b
V  [libjvm.so+0x5d894f]  GCTaskThread::GCTaskThread(GCTaskManager*, unsigned int, unsigned int)+0x15f
V  [libjvm.so+0x5d770b]  GCTaskManager::initialize()+0x3ab
V  [libjvm.so+0x94873d]  ParallelScavengeHeap::initialize()+0x34d
V  [libjvm.so+0xa902e3]  Universe::initialize_heap()+0xf3
V  [libjvm.so+0xa9084e]  universe_init()+0x3e
V  [libjvm.so+0x63e3e5]  init_globals()+0x65
V  [libjvm.so+0xa73f3e]  Threads::create_vm(JavaVMInitArgs*, bool*)+0x23e
V  [libjvm.so+0x6d2ce4]  JNI_CreateJavaVM+0x74
C  [libjli.so+0x745e]  JavaMain+0x9e
C  [libjli.so+0xb223]  ContinueInNewThread0+0x63
C  [libjli.so+0x697a]  ContinueInNewThread+0x7a
C  [libjli.so+0x99f8]  JLI_Launch+0x798
C  [java+0x696]  JLI_Launch@@SUNWprivate_1.1+0x696
C  [libc.so.6+0x203f1]  __libc_start_main+0xf1


---------------  P R O C E S S  ---------------

Java Threads: ( => current thread )

Other Threads:

=>0x0000000001899000 (exited) JavaThread "Unknown thread" [_thread_in_vm, id=32172, stack(0x00007ffc1b46b000,0x00007ffc1b56b000)]

VM state:not at safepoint (not fully initialized)

VM Mutex/Monitor currently owned by a thread: None

GC Heap History (0 events):
No events

Deoptimization events (0 events):
No events

Internal exceptions (0 events):
No events

Events (0 events):
No events


Dynamic libraries:
00400000-00401000 r-xp 00000000 08:05 12996947                           /usr/lib/jvm/java-8-oracle/bin/java
00600000-00601000 rw-p 00000000 08:05 12996947                           /usr/lib/jvm/java-8-oracle/bin/java
0188e000-018d0000 rw-p 00000000 00:00 0                                  [heap]
84800000-89b00000 rw-p 00000000 00:00 0 
89b00000-d6d80000 ---p 00000000 00:00 0 
d6d80000-d9680000 rw-p 00000000 00:00 0 
d9680000-100000000 ---p 00000000 00:00 0 
7f500eebc000-7f500f16d000 rw-p 00000000 00:00 0 
7f500f16d000-7f500f3d6000 ---p 00000000 00:00 0 
7f500f3d6000-7f500f400000 rw-p 00000000 00:00 0 
7f500f400000-7f500f668000 ---p 00000000 00:00 0 
7f500f668000-7f500f67e000 rw-p 00000000 00:00 0 
7f500f67e000-7f500f7b2000 ---p 00000000 00:00 0 
7f500f7b2000-7f500f7bd000 rw-p 00000000 00:00 0 
7f500f7bd000-7f500fb73000 ---p 00000000 00:00 0 
7f500fb73000-7f500fde3000 rwxp 00000000 00:00 0 
7f500fde3000-7f501eb73000 ---p 00000000 00:00 0 
7f501eb73000-7f501eb8d000 r-xp 00000000 08:05 408247                     /usr/lib/jvm/java-8-oracle/jre/lib/amd64/libzip.so
7f501eb8d000-7f501ed8d000 ---p 0001a000 08:05 408247                     /usr/lib/jvm/java-8-oracle/jre/lib/amd64/libzip.so
7f501ed8d000-7f501ed8e000 rw-p 0001a000 08:05 408247                     /usr/lib/jvm/java-8-oracle/jre/lib/amd64/libzip.so
7f501ed8e000-7f501ed99000 r-xp 00000000 08:05 8262213                    /lib/x86_64-linux-gnu/libnss_files-2.24.so
7f501ed99000-7f501ef98000 ---p 0000b000 08:05 8262213                    /lib/x86_64-linux-gnu/libnss_files-2.24.so
7f501ef98000-7f501ef99000 r--p 0000a000 08:05 8262213                    /lib/x86_64-linux-gnu/libnss_files-2.24.so
7f501ef99000-7f501ef9a000 rw-p 0000b000 08:05 8262213                    /lib/x86_64-linux-gnu/libnss_files-2.24.so
7f501ef9a000-7f501efa0000 rw-p 00000000 00:00 0 
7f501efa0000-7f501efab000 r-xp 00000000 08:05 8262224                    /lib/x86_64-linux-gnu/libnss_nis-2.24.so
7f501efab000-7f501f1aa000 ---p 0000b000 08:05 8262224                    /lib/x86_64-linux-gnu/libnss_nis-2.24.so
7f501f1aa000-7f501f1ab000 r--p 0000a000 08:05 8262224                    /lib/x86_64-linux-gnu/libnss_nis-2.24.so
7f501f1ab000-7f501f1ac000 rw-p 0000b000 08:05 8262224                    /lib/x86_64-linux-gnu/libnss_nis-2.24.so
7f501f1ac000-7f501f1c2000 r-xp 00000000 08:05 8262207                    /lib/x86_64-linux-gnu/libnsl-2.24.so
7f501f1c2000-7f501f3c1000 ---p 00016000 08:05 8262207                    /lib/x86_64-linux-gnu/libnsl-2.24.so
7f501f3c1000-7f501f3c2000 r--p 00015000 08:05 8262207                    /lib/x86_64-linux-gnu/libnsl-2.24.so
7f501f3c2000-7f501f3c3000 rw-p 00016000 08:05 8262207                    /lib/x86_64-linux-gnu/libnsl-2.24.so
7f501f3c3000-7f501f3c5000 rw-p 00000000 00:00 0 
7f501f3c5000-7f501f3cd000 r-xp 00000000 08:05 8262209                    /lib/x86_64-linux-gnu/libnss_compat-2.24.so
7f501f3cd000-7f501f5cc000 ---p 00008000 08:05 8262209                    /lib/x86_64-linux-gnu/libnss_compat-2.24.so
7f501f5cc000-7f501f5cd000 r--p 00007000 08:05 8262209                    /lib/x86_64-linux-gnu/libnss_compat-2.24.so
7f501f5cd000-7f501f5ce000 rw-p 00008000 08:05 8262209                    /lib/x86_64-linux-gnu/libnss_compat-2.24.so
7f501f5ce000-7f501f5f9000 r-xp 00000000 08:05 408241                     /usr/lib/jvm/java-8-oracle/jre/lib/amd64/libjava.so
7f501f5f9000-7f501f7f8000 ---p 0002b000 08:05 408241                     /usr/lib/jvm/java-8-oracle/jre/lib/amd64/libjava.so
7f501f7f8000-7f501f7fa000 rw-p 0002a000 08:05 408241                     /usr/lib/jvm/java-8-oracle/jre/lib/amd64/libjava.so
7f501f7fa000-7f501f807000 r-xp 00000000 08:05 408246                     /usr/lib/jvm/java-8-oracle/jre/lib/amd64/libverify.so
7f501f807000-7f501fa06000 ---p 0000d000 08:05 408246                     /usr/lib/jvm/java-8-oracle/jre/lib/amd64/libverify.so
7f501fa06000-7f501fa08000 rw-p 0000c000 08:05 408246                     /usr/lib/jvm/java-8-oracle/jre/lib/amd64/libverify.so
7f501fa08000-7f501fa0f000 r-xp 00000000 08:05 8262268                    /lib/x86_64-linux-gnu/librt-2.24.so
7f501fa0f000-7f501fc0e000 ---p 00007000 08:05 8262268                    /lib/x86_64-linux-gnu/librt-2.24.so
7f501fc0e000-7f501fc0f000 r--p 00006000 08:05 8262268                    /lib/x86_64-linux-gnu/librt-2.24.so
7f501fc0f000-7f501fc10000 rw-p 00007000 08:05 8262268                    /lib/x86_64-linux-gnu/librt-2.24.so
7f501fc10000-7f501fd18000 r-xp 00000000 08:05 8262186                    /lib/x86_64-linux-gnu/libm-2.24.so
7f501fd18000-7f501ff17000 ---p 00108000 08:05 8262186                    /lib/x86_64-linux-gnu/libm-2.24.so
7f501ff17000-7f501ff18000 r--p 00107000 08:05 8262186                    /lib/x86_64-linux-gnu/libm-2.24.so
7f501ff18000-7f501ff19000 rw-p 00108000 08:05 8262186                    /lib/x86_64-linux-gnu/libm-2.24.so
7f501ff19000-7f5020be8000 r-xp 00000000 08:05 408224                     /usr/lib/jvm/java-8-oracle/jre/lib/amd64/server/libjvm.so
7f5020be8000-7f5020de8000 ---p 00ccf000 08:05 408224                     /usr/lib/jvm/java-8-oracle/jre/lib/amd64/server/libjvm.so
7f5020de8000-7f5020ec1000 rw-p 00ccf000 08:05 408224                     /usr/lib/jvm/java-8-oracle/jre/lib/amd64/server/libjvm.so
7f5020ec1000-7f5020f0c000 rw-p 00000000 00:00 0 
7f5020f0c000-7f50210c9000 r-xp 00000000 08:05 8262120                    /lib/x86_64-linux-gnu/libc-2.24.so
7f50210c9000-7f50212c9000 ---p 001bd000 08:05 8262120                    /lib/x86_64-linux-gnu/libc-2.24.so
7f50212c9000-7f50212cd000 r--p 001bd000 08:05 8262120                    /lib/x86_64-linux-gnu/libc-2.24.so
7f50212cd000-7f50212cf000 rw-p 001c1000 08:05 8262120                    /lib/x86_64-linux-gnu/libc-2.24.so
7f50212cf000-7f50212d3000 rw-p 00000000 00:00 0 
7f50212d3000-7f50212d6000 r-xp 00000000 08:05 8262144                    /lib/x86_64-linux-gnu/libdl-2.24.so
7f50212d6000-7f50214d5000 ---p 00003000 08:05 8262144                    /lib/x86_64-linux-gnu/libdl-2.24.so
7f50214d5000-7f50214d6000 r--p 00002000 08:05 8262144                    /lib/x86_64-linux-gnu/libdl-2.24.so
7f50214d6000-7f50214d7000 rw-p 00003000 08:05 8262144                    /lib/x86_64-linux-gnu/libdl-2.24.so
7f50214d7000-7f50214ec000 r-xp 00000000 08:05 407866                     /usr/lib/jvm/java-8-oracle/lib/amd64/jli/libjli.so
7f50214ec000-7f50216ec000 ---p 00015000 08:05 407866                     /usr/lib/jvm/java-8-oracle/lib/amd64/jli/libjli.so
7f50216ec000-7f50216ed000 rw-p 00015000 08:05 407866                     /usr/lib/jvm/java-8-oracle/lib/amd64/jli/libjli.so
7f50216ed000-7f5021705000 r-xp 00000000 08:05 8262260                    /lib/x86_64-linux-gnu/libpthread-2.24.so
7f5021705000-7f5021905000 ---p 00018000 08:05 8262260                    /lib/x86_64-linux-gnu/libpthread-2.24.so
7f5021905000-7f5021906000 r--p 00018000 08:05 8262260                    /lib/x86_64-linux-gnu/libpthread-2.24.so
7f5021906000-7f5021907000 rw-p 00019000 08:05 8262260                    /lib/x86_64-linux-gnu/libpthread-2.24.so
7f5021907000-7f502190b000 rw-p 00000000 00:00 0 
7f502190b000-7f5021930000 r-xp 00000000 08:05 8262092                    /lib/x86_64-linux-gnu/ld-2.24.so
7f5021a0f000-7f5021a10000 ---p 00000000 00:00 0 
7f5021a10000-7f5021b12000 rw-p 00000000 00:00 0 
7f5021b23000-7f5021b2b000 rw-s 00000000 08:05 4075907                    /tmp/hsperfdata_lucas/32172
7f5021b2b000-7f5021b2c000 rw-p 00000000 00:00 0 
7f5021b2c000-7f5021b2d000 r--p 00000000 00:00 0 
7f5021b2d000-7f5021b30000 rw-p 00000000 00:00 0 
7f5021b30000-7f5021b31000 r--p 00025000 08:05 8262092                    /lib/x86_64-linux-gnu/ld-2.24.so
7f5021b31000-7f5021b32000 rw-p 00026000 08:05 8262092                    /lib/x86_64-linux-gnu/ld-2.24.so
7f5021b32000-7f5021b33000 rw-p 00000000 00:00 0 
7ffc1b46b000-7ffc1b46e000 ---p 00000000 00:00 0 
7ffc1b46f000-7ffc1b56b000 rw-p 00000000 00:00 0                          [stack]
7ffc1b5c8000-7ffc1b5ca000 r--p 00000000 00:00 0                          [vvar]
7ffc1b5ca000-7ffc1b5cc000 r-xp 00000000 00:00 0                          [vdso]
ffffffffff600000-ffffffffff601000 r-xp 00000000 00:00 0                  [vsyscall]

VM Arguments:
jvm_args: -Dfile.encoding=UTF-8 
java_command: ep2_theGame.Application
java_class_path (initial): /home/lucas/oo/ep2_theGame/bin
Launcher Type: SUN_STANDARD

Environment Variables:
JAVA_HOME=/usr/lib/jvm/java-8-oracle
PATH=/usr/local/sbin:/usr/local/bin:/usr/sbin:/usr/bin:/sbin:/bin:/usr/games:/usr/local/games:/snap/bin:/usr/lib/jvm/java-8-oracle/bin:/usr/lib/jvm/java-8-oracle/db/bin:/usr/lib/jvm/java-8-oracle/jre/bin
USERNAME=lucas
SHELL=/bin/bash
DISPLAY=:1

Signal Handlers:
SIGSEGV: [libjvm.so+0xac8af0], sa_mask[0]=11111111011111111101111111111110, sa_flags=SA_RESTART|SA_SIGINFO
SIGBUS: [libjvm.so+0xac8af0], sa_mask[0]=11111111011111111101111111111110, sa_flags=SA_RESTART|SA_SIGINFO
SIGFPE: [libjvm.so+0x921dd0], sa_mask[0]=11111111011111111101111111111110, sa_flags=SA_RESTART|SA_SIGINFO
SIGPIPE: [libjvm.so+0x921dd0], sa_mask[0]=11111111011111111101111111111110, sa_flags=SA_RESTART|SA_SIGINFO
SIGXFSZ: [libjvm.so+0x921dd0], sa_mask[0]=11111111011111111101111111111110, sa_flags=SA_RESTART|SA_SIGINFO
SIGILL: [libjvm.so+0x921dd0], sa_mask[0]=11111111011111111101111111111110, sa_flags=SA_RESTART|SA_SIGINFO
SIGUSR1: SIG_DFL, sa_mask[0]=00000000000000000000000000000000, sa_flags=none
SIGUSR2: [libjvm.so+0x923610], sa_mask[0]=00100000000000000000000000000000, sa_flags=SA_RESTART|SA_SIGINFO
SIGHUP: SIG_DFL, sa_mask[0]=00000000000000000000000000000000, sa_flags=none
SIGINT: SIG_DFL, sa_mask[0]=00000000000000000000000000000000, sa_flags=none
SIGTERM: SIG_DFL, sa_mask[0]=00000000000000000000000000000000, sa_flags=none
SIGQUIT: SIG_DFL, sa_mask[0]=00000000000000000000000000000000, sa_flags=none


---------------  S Y S T E M  ---------------

OS:DISTRIB_ID=Ubuntu
DISTRIB_RELEASE=17.04
DISTRIB_CODENAME=zesty
DISTRIB_DESCRIPTION="Ubuntu 17.04"

uname:Linux 4.10.0-21-generic #23-Ubuntu SMP Fri Apr 28 16:14:22 UTC 2017 x86_64
libc:glibc 2.24 NPTL 2.24 
rlimit: STACK 8192k, CORE 0k, NPROC 31223, NOFILE 65536, AS infinity
load average:0.84 0.60 0.50

/proc/meminfo:
MemTotal:        8087972 kB
MemFree:          137216 kB
MemAvailable:    2434636 kB
Buffers:          354040 kB
Cached:          2021516 kB
SwapCached:            0 kB
Active:          6007720 kB
Inactive:        1053456 kB
Active(anon):    4411568 kB
Inactive(anon):   384812 kB
Active(file):    1596152 kB
Inactive(file):   668644 kB
Unevictable:          32 kB
Mlocked:              32 kB
SwapTotal:       2097148 kB
SwapFree:        2097148 kB
Dirty:               304 kB
Writeback:             0 kB
AnonPages:       4559704 kB
Mapped:           584568 kB
Shmem:            110756 kB
Slab:             470320 kB
SReclaimable:     337476 kB
SUnreclaim:       132844 kB
KernelStack:      178688 kB
PageTables:        84516 kB
NFS_Unstable:          0 kB
Bounce:                0 kB
WritebackTmp:          0 kB
CommitLimit:     6141132 kB
Committed_AS:   20390972 kB
VmallocTotal:   34359738367 kB
VmallocUsed:           0 kB
VmallocChunk:          0 kB
HardwareCorrupted:     0 kB
AnonHugePages:   2412544 kB
ShmemHugePages:        0 kB
ShmemPmdMapped:        0 kB
CmaTotal:              0 kB
CmaFree:               0 kB
HugePages_Total:       0
HugePages_Free:        0
HugePages_Rsvd:        0
HugePages_Surp:        0
Hugepagesize:       2048 kB
DirectMap4k:      347896 kB
DirectMap2M:     7956480 kB
DirectMap1G:           0 kB


CPU:total 8 (initial active 8) (4 cores per cpu, 2 threads per core) family 6 model 60 stepping 3, cmov, cx8, fxsr, mmx, sse, sse2, sse3, ssse3, sse4.1, sse4.2, popcnt, avx, avx2, aes, clmul, erms, lzcnt, ht, tsc, tscinvbit, bmi1, bmi2

/proc/cpuinfo:
processor	: 0
vendor_id	: GenuineIntel
cpu family	: 6
model		: 60
model name	: Intel(R) Core(TM) i7-4710HQ CPU @ 2.50GHz
stepping	: 3
microcode	: 0x17
cpu MHz		: 2598.419
cache size	: 6144 KB
physical id	: 0
siblings	: 8
core id		: 0
cpu cores	: 4
apicid		: 0
initial apicid	: 0
fpu		: yes
fpu_exception	: yes
cpuid level	: 13
wp		: yes
flags		: fpu vme de pse tsc msr pae mce cx8 apic sep mtrr pge mca cmov pat pse36 clflush dts acpi mmx fxsr sse sse2 ss ht tm pbe syscall nx pdpe1gb rdtscp lm constant_tsc arch_perfmon pebs bts rep_good nopl xtopology nonstop_tsc aperfmperf pni pclmulqdq dtes64 monitor ds_cpl vmx est tm2 ssse3 sdbg fma cx16 xtpr pdcm pcid sse4_1 sse4_2 x2apic movbe popcnt tsc_deadline_timer aes xsave avx f16c rdrand lahf_lm abm epb tpr_shadow vnmi flexpriority ept vpid fsgsbase tsc_adjust bmi1 avx2 smep bmi2 erms invpcid xsaveopt dtherm ida arat pln pts
bugs		:
bogomips	: 4988.55
clflush size	: 64
cache_alignment	: 64
address sizes	: 39 bits physical, 48 bits virtual
power management:

processor	: 1
vendor_id	: GenuineIntel
cpu family	: 6
model		: 60
model name	: Intel(R) Core(TM) i7-4710HQ CPU @ 2.50GHz
stepping	: 3
microcode	: 0x17
cpu MHz		: 2500.152
cache size	: 6144 KB
physical id	: 0
siblings	: 8
core id		: 1
cpu cores	: 4
apicid		: 2
initial apicid	: 2
fpu		: yes
fpu_exception	: yes
cpuid level	: 13
wp		: yes
flags		: fpu vme de pse tsc msr pae mce cx8 apic sep mtrr pge mca cmov pat pse36 clflush dts acpi mmx fxsr sse sse2 ss ht tm pbe syscall nx pdpe1gb rdtscp lm constant_tsc arch_perfmon pebs bts rep_good nopl xtopology nonstop_tsc aperfmperf pni pclmulqdq dtes64 monitor ds_cpl vmx est tm2 ssse3 sdbg fma cx16 xtpr pdcm pcid sse4_1 sse4_2 x2apic movbe popcnt tsc_deadline_timer aes xsave avx f16c rdrand lahf_lm abm epb tpr_shadow vnmi flexpriority ept vpid fsgsbase tsc_adjust bmi1 avx2 smep bmi2 erms invpcid xsaveopt dtherm ida arat pln pts
bugs		:
bogomips	: 4988.55
clflush size	: 64
cache_alignment	: 64
address sizes	: 39 bits physical, 48 bits virtual
power management:

processor	: 2
vendor_id	: GenuineIntel
cpu family	: 6
model		: 60
model name	: Intel(R) Core(TM) i7-4710HQ CPU @ 2.50GHz
stepping	: 3
microcode	: 0x17
cpu MHz		: 2200.012
cache size	: 6144 KB
physical id	: 0
siblings	: 8
core id		: 2
cpu cores	: 4
apicid		: 4
initial apicid	: 4
fpu		: yes
fpu_exception	: yes
cpuid level	: 13
wp		: yes
flags		: fpu vme de pse tsc msr pae mce cx8 apic sep mtrr pge mca cmov pat pse36 clflush dts acpi mmx fxsr sse sse2 ss ht tm pbe syscall nx pdpe1gb rdtscp lm constant_tsc arch_perfmon pebs bts rep_good nopl xtopology nonstop_tsc aperfmperf pni pclmulqdq dtes64 monitor ds_cpl vmx est tm2 ssse3 sdbg fma cx16 xtpr pdcm pcid sse4_1 sse4_2 x2apic movbe popcnt tsc_deadline_timer aes xsave avx f16c rdrand lahf_lm abm epb tpr_shadow vnmi flexpriority ept vpid fsgsbase tsc_adjust bmi1 avx2 smep bmi2 erms invpcid xsaveopt dtherm ida arat pln pts
bugs		:
bogomips	: 4988.55
clflush size	: 64
cache_alignment	: 64
address sizes	: 39 bits physical, 48 bits virtual
power management:

processor	: 3
vendor_id	: GenuineIntel
cpu family	: 6
model		: 60
model name	: Intel(R) Core(TM) i7-4710HQ CPU @ 2.50GHz
stepping	: 3
microcode	: 0x17
cpu MHz		: 2663.879
cache size	: 6144 KB
physical id	: 0
siblings	: 8
core id		: 3
cpu cores	: 4
apicid		: 6
initial apicid	: 6
fpu		: yes
fpu_exception	: yes
cpuid level	: 13
wp		: yes
flags		: fpu vme de pse tsc msr pae mce cx8 apic sep mtrr pge mca cmov pat pse36 clflush dts acpi mmx fxsr sse sse2 ss ht tm pbe syscall nx pdpe1gb rdtscp lm constant_tsc arch_perfmon pebs bts rep_good nopl xtopology nonstop_tsc aperfmperf pni pclmulqdq dtes64 monitor ds_cpl vmx est tm2 ssse3 sdbg fma cx16 xtpr pdcm pcid sse4_1 sse4_2 x2apic movbe popcnt tsc_deadline_timer aes xsave avx f16c rdrand lahf_lm abm epb tpr_shadow vnmi flexpriority ept vpid fsgsbase tsc_adjust bmi1 avx2 smep bmi2 erms invpcid xsaveopt dtherm ida arat pln pts
bugs		:
bogomips	: 4988.55
clflush size	: 64
cache_alignment	: 64
address sizes	: 39 bits physical, 48 bits virtual
power management:

processor	: 4
vendor_id	: GenuineIntel
cpu family	: 6
model		: 60
model name	: Intel(R) Core(TM) i7-4710HQ CPU @ 2.50GHz
stepping	: 3
microcode	: 0x17
cpu MHz		: 2500.457
cache size	: 6144 KB
physical id	: 0
siblings	: 8
core id		: 0
cpu cores	: 4
apicid		: 1
initial apicid	: 1
fpu		: yes
fpu_exception	: yes
cpuid level	: 13
wp		: yes
flags		: fpu vme de pse tsc msr pae mce cx8 apic sep mtrr pge mca cmov pat pse36 clflush dts acpi mmx fxsr sse sse2 ss ht tm pbe syscall nx pdpe1gb rdtscp lm constant_tsc arch_perfmon pebs bts rep_good nopl xtopology nonstop_tsc aperfmperf pni pclmulqdq dtes64 monitor ds_cpl vmx est tm2 ssse3 sdbg fma cx16 xtpr pdcm pcid sse4_1 sse4_2 x2apic movbe popcnt tsc_deadline_timer aes xsave avx f16c rdrand lahf_lm abm epb tpr_shadow vnmi flexpriority ept vpid fsgsbase tsc_adjust bmi1 avx2 smep bmi2 erms invpcid xsaveopt dtherm ida arat pln pts
bugs		:
bogomips	: 4988.55
clflush size	: 64
cache_alignment	: 64
address sizes	: 39 bits physical, 48 bits virtual
power management:

processor	: 5
vendor_id	: GenuineIntel
cpu family	: 6
model		: 60
model name	: Intel(R) Core(TM) i7-4710HQ CPU @ 2.50GHz
stepping	: 3
microcode	: 0x17
cpu MHz		: 2500.457
cache size	: 6144 KB
physical id	: 0
siblings	: 8
core id		: 1
cpu cores	: 4
apicid		: 3
initial apicid	: 3
fpu		: yes
fpu_exception	: yes
cpuid level	: 13
wp		: yes
flags		: fpu vme de pse tsc msr pae mce cx8 apic sep mtrr pge mca cmov pat pse36 clflush dts acpi mmx fxsr sse sse2 ss ht tm pbe syscall nx pdpe1gb rdtscp lm constant_tsc arch_perfmon pebs bts rep_good nopl xtopology nonstop_tsc aperfmperf pni pclmulqdq dtes64 monitor ds_cpl vmx est tm2 ssse3 sdbg fma cx16 xtpr pdcm pcid sse4_1 sse4_2 x2apic movbe popcnt tsc_deadline_timer aes xsave avx f16c rdrand lahf_lm abm epb tpr_shadow vnmi flexpriority ept vpid fsgsbase tsc_adjust bmi1 avx2 smep bmi2 erms invpcid xsaveopt dtherm ida arat pln pts
bugs		:
bogomips	: 4988.55
clflush size	: 64
cache_alignment	: 64
address sizes	: 39 bits physical, 48 bits virtual
power management:

processor	: 6
vendor_id	: GenuineIntel
cpu family	: 6
model		: 60
model name	: Intel(R) Core(TM) i7-4710HQ CPU @ 2.50GHz
stepping	: 3
microcode	: 0x17
cpu MHz		: 2500.457
cache size	: 6144 KB
physical id	: 0
siblings	: 8
core id		: 2
cpu cores	: 4
apicid		: 5
initial apicid	: 5
fpu		: yes
fpu_exception	: yes
cpuid level	: 13
wp		: yes
flags		: fpu vme de pse tsc msr pae mce cx8 apic sep mtrr pge mca cmov pat pse36 clflush dts acpi mmx fxsr sse sse2 ss ht tm pbe syscall nx pdpe1gb rdtscp lm constant_tsc arch_perfmon pebs bts rep_good nopl xtopology nonstop_tsc aperfmperf pni pclmulqdq dtes64 monitor ds_cpl vmx est tm2 ssse3 sdbg fma cx16 xtpr pdcm pcid sse4_1 sse4_2 x2apic movbe popcnt tsc_deadline_timer aes xsave avx f16c rdrand lahf_lm abm epb tpr_shadow vnmi flexpriority ept vpid fsgsbase tsc_adjust bmi1 avx2 smep bmi2 erms invpcid xsaveopt dtherm ida arat pln pts
bugs		:
bogomips	: 4988.55
clflush size	: 64
cache_alignment	: 64
address sizes	: 39 bits physical, 48 bits virtual
power management:

processor	: 7
vendor_id	: GenuineIntel
cpu family	: 6
model		: 60
model name	: Intel(R) Core(TM) i7-4710HQ CPU @ 2.50GHz
stepping	: 3
microcode	: 0x17
cpu MHz		: 2545.013
cache size	: 6144 KB
physical id	: 0
siblings	: 8
core id		: 3
cpu cores	: 4
apicid		: 7
initial apicid	: 7
fpu		: yes
fpu_exception	: yes
cpuid level	: 13
wp		: yes
flags		: fpu vme de pse tsc msr pae mce cx8 apic sep mtrr pge mca cmov pat pse36 clflush dts acpi mmx fxsr sse sse2 ss ht tm pbe syscall nx pdpe1gb rdtscp lm constant_tsc arch_perfmon pebs bts rep_good nopl xtopology nonstop_tsc aperfmperf pni pclmulqdq dtes64 monitor ds_cpl vmx est tm2 ssse3 sdbg fma cx16 xtpr pdcm pcid sse4_1 sse4_2 x2apic movbe popcnt tsc_deadline_timer aes xsave avx f16c rdrand lahf_lm abm epb tpr_shadow vnmi flexpriority ept vpid fsgsbase tsc_adjust bmi1 avx2 smep bmi2 erms invpcid xsaveopt dtherm ida arat pln pts
bugs		:
bogomips	: 4988.55
clflush size	: 64
cache_alignment	: 64
address sizes	: 39 bits physical, 48 bits virtual
power management:



Memory: 4k page, physical 8087972k(137216k free), swap 2097148k(2097148k free)

vm_info: Java HotSpot(TM) 64-Bit Server VM (25.131-b11) for linux-amd64 JRE (1.8.0_131-b11), built on Mar 15 2017 01:23:40 by "java_re" with gcc 4.3.0 20080428 (Red Hat 4.3.0-8)

time: Sun Jun  4 22:46:50 2017
elapsed time: 0 seconds (0d 0h 0m 0s)

